<?xml version="1.0" encoding="UTF-8"?>
<testng-results ignored="0" total="1" passed="1" failed="0" skipped="0">
  <reporter-output>
  </reporter-output>
  <suite started-at="2020-06-19T22:00:19Z" name="Suite" finished-at="2020-06-19T22:00:42Z" duration-ms="23045">
    <groups>
      <group name="cucumber">
        <method signature="AbstractTestNGCucumberTests.feature(cucumber.api.testng.CucumberFeatureWrapper)[pri:0, instance:com.test.testRunner.TestRunner@4009e306]" name="feature" class="cucumber.api.testng.AbstractTestNGCucumberTests"/>
      </group> <!-- cucumber -->
    </groups>
    <test started-at="2020-06-19T22:00:19Z" name="Test" finished-at="2020-06-19T22:00:42Z" duration-ms="23045">
      <class name="com.test.testRunner.TestRunner">
        <test-method is-config="true" signature="SetUp()[pri:0, instance:com.test.testRunner.TestRunner@4009e306]" started-at="2020-06-19T22:00:19Z" name="SetUp" finished-at="2020-06-19T22:00:29Z" duration-ms="10358" status="PASS">
          <reporter-output>
          </reporter-output>
        </test-method> <!-- SetUp -->
        <test-method is-config="true" signature="setUpClass()[pri:0, instance:com.test.testRunner.TestRunner@4009e306]" started-at="2020-06-19T22:00:29Z" name="setUpClass" finished-at="2020-06-19T22:00:30Z" duration-ms="467" status="PASS">
          <reporter-output>
          </reporter-output>
        </test-method> <!-- setUpClass -->
        <test-method signature="feature(cucumber.api.testng.CucumberFeatureWrapper)[pri:0, instance:com.test.testRunner.TestRunner@4009e306]" started-at="2020-06-19T22:00:30Z" name="feature" description="Runs Cucumber Feature" data-provider="features" finished-at="2020-06-19T22:00:41Z" duration-ms="11260" status="PASS">
          <params>
            <param index="0">
              <value>
                <![CDATA[Home Page]]>
              </value>
            </param>
          </params>
          <reporter-output>
          </reporter-output>
        </test-method> <!-- feature -->
        <test-method is-config="true" signature="tearDownClass()[pri:0, instance:com.test.testRunner.TestRunner@4009e306]" started-at="2020-06-19T22:00:41Z" name="tearDownClass" finished-at="2020-06-19T22:00:41Z" duration-ms="8" status="PASS">
          <reporter-output>
          </reporter-output>
        </test-method> <!-- tearDownClass -->
        <test-method is-config="true" signature="tearDown()[pri:0, instance:com.test.testRunner.TestRunner@4009e306]" started-at="2020-06-19T22:00:41Z" name="tearDown" finished-at="2020-06-19T22:00:42Z" duration-ms="739" status="PASS">
          <reporter-output>
          </reporter-output>
        </test-method> <!-- tearDown -->
      </class> <!-- com.test.testRunner.TestRunner -->
    </test> <!-- Test -->
  </suite> <!-- Suite -->
</testng-results>
